<?xml version="1.0" encoding="UTF-8"?>
<testng-results ignored="1" total="6" passed="5" failed="0" skipped="0">
  <reporter-output>
  </reporter-output>
  <suite started-at="2021-03-23T17:18:41 IST" name="Loan DEPT" finished-at="2021-03-23T17:18:41 IST" duration-ms="86">
    <groups>
    </groups>
    <test started-at="2021-03-23T17:18:41 IST" name="Personal" finished-at="2021-03-23T17:18:41 IST" duration-ms="43">
      <class name="Basic.Day2">
        <test-method signature="Debit()[pri:0, instance:Basic.Day2@7692d9cc]" started-at="2021-03-23T17:18:41 IST" name="Debit" finished-at="2021-03-23T17:18:41 IST" duration-ms="1" status="PASS">
          <reporter-output>
          </reporter-output>
        </test-method> <!-- Debit -->
      </class> <!-- Basic.Day2 -->
      <class name="Basic.Day1">
        <test-method signature="Investment()[pri:0, instance:Basic.Day1@2a32de6c]" started-at="2021-03-23T17:18:41 IST" name="Investment" finished-at="2021-03-23T17:18:41 IST" duration-ms="7" status="PASS">
          <reporter-output>
          </reporter-output>
        </test-method> <!-- Investment -->
        <test-method signature="Loan()[pri:0, instance:Basic.Day1@2a32de6c]" started-at="2021-03-23T17:18:41 IST" name="Loan" finished-at="2021-03-23T17:18:41 IST" duration-ms="1" status="PASS">
          <reporter-output>
          </reporter-output>
        </test-method> <!-- Loan -->
      </class> <!-- Basic.Day1 -->
    </test> <!-- Personal -->
    <test started-at="2021-03-23T17:18:41 IST" name="Car" finished-at="2021-03-23T17:18:41 IST" duration-ms="4">
      <class name="Basic.Day3">
        <test-method signature="APILogin()[pri:0, instance:Basic.Day3@45b9a632]" started-at="2021-03-23T17:18:41 IST" name="APILogin" finished-at="2021-03-23T17:18:41 IST" duration-ms="0" status="PASS">
          <reporter-output>
          </reporter-output>
        </test-method> <!-- APILogin -->
        <test-method signature="WebLogin()[pri:0, instance:Basic.Day3@45b9a632]" started-at="2021-03-23T17:18:41 IST" name="WebLogin" finished-at="2021-03-23T17:18:41 IST" duration-ms="1" status="PASS">
          <reporter-output>
          </reporter-output>
        </test-method> <!-- WebLogin -->
      </class> <!-- Basic.Day3 -->
    </test> <!-- Car -->
  </suite> <!-- Loan DEPT -->
</testng-results>
