<?xml version="1.0" encoding="UTF-8"?>
<!-- Generated by org.testng.reporters.JUnitXMLReporter -->
<testsuite ignored="1" hostname="XAV-502000187" failures="0" tests="2" name="Car" time="0.004" errors="0" timestamp="2021-03-23T17:18:41 IST">
  <testcase classname="Basic.Day3" name="APILogin" time="0.0"/>
  <testcase classname="Basic.Day3" name="WebLogin" time="0.001"/>
  <testcase classname="Basic.Day3" name="MobileLogin" time="0.0">
    <ignored/>
  </testcase> <!-- MobileLogin -->
</testsuite> <!-- Car -->
