<?xml version="1.0" encoding="UTF-8"?>
<testng-results ignored="0" total="1" passed="1" failed="0" skipped="0">
  <reporter-output>
  </reporter-output>
  <suite started-at="2021-03-24T23:04:37 IST" name="Default suite" finished-at="2021-03-24T23:04:38 IST" duration-ms="39">
    <groups>
    </groups>
    <test started-at="2021-03-24T23:04:37 IST" name="Default test" finished-at="2021-03-24T23:04:38 IST" duration-ms="39">
      <class name="rrahulshettyacademy.Mavenjava.RestAPI">
        <test-method signature="PostJIRA()[pri:0, instance:rrahulshettyacademy.Mavenjava.RestAPI@23529fee]" started-at="2021-03-24T23:04:38 IST" name="PostJIRA" finished-at="2021-03-24T23:04:38 IST" duration-ms="7" status="PASS">
          <reporter-output>
          </reporter-output>
        </test-method> <!-- PostJIRA -->
      </class> <!-- rrahulshettyacademy.Mavenjava.RestAPI -->
    </test> <!-- Default test -->
  </suite> <!-- Default suite -->
</testng-results>
